2021-07-23 14:31:08,791 INFO o.s.b.StartupInfoLogger [main] Starting SpringBootLoggingApplication using Java 1.8.0_282 on pedro-SDS with PID 35977 (/home/Git/grayLogs-Connection-Spring/target/classes started by pedro in /home/Git/grayLogs-Connection-Spring)
2021-07-23 14:31:08,798 DEBUG o.s.b.StartupInfoLogger [main] Running with Spring Boot v2.4.9, Spring v5.3.9
2021-07-23 14:31:08,799 INFO o.s.b.SpringApplication [main] No active profile set, falling back to default profiles: default
2021-07-23 14:31:09,479 INFO o.s.b.w.e.t.TomcatWebServer [main] Tomcat initialized with port(s): 8080 (http)
2021-07-23 14:31:09,550 INFO o.s.b.w.s.c.ServletWebServerApplicationContext [main] Root WebApplicationContext: initialization completed in 708 ms
2021-07-23 14:31:09,562 DEBUG o.s.b.w.s.ServletContextInitializerBeans [main] Mapping filters: characterEncodingFilter urls=[/*] order=-2147483648, formContentFilter urls=[/*] order=-9900, requestContextFilter urls=[/*] order=-105
2021-07-23 14:31:09,562 DEBUG o.s.b.w.s.ServletContextInitializerBeans [main] Mapping servlets: dispatcherServlet urls=[/]
2021-07-23 14:31:09,691 DEBUG o.s.w.s.m.m.a.RequestMappingHandlerAdapter [main] ControllerAdvice beans: 0 @ModelAttribute, 0 @InitBinder, 1 RequestBodyAdvice, 1 ResponseBodyAdvice
2021-07-23 14:31:09,735 DEBUG o.s.w.s.h.AbstractHandlerMethodMapping [main] 5 mappings in 'requestMappingHandlerMapping'
2021-07-23 14:31:09,755 DEBUG o.s.w.s.h.SimpleUrlHandlerMapping [main] Patterns [/webjars/**, /**] in 'resourceHandlerMapping'
2021-07-23 14:31:09,761 DEBUG o.s.w.s.m.m.a.ExceptionHandlerExceptionResolver [main] ControllerAdvice beans: 0 @ExceptionHandler, 1 ResponseBodyAdvice
2021-07-23 14:31:09,799 INFO o.s.b.w.e.t.TomcatWebServer [main] Tomcat started on port(s): 8080 (http) with context path ''
2021-07-23 14:31:09,810 INFO o.s.b.StartupInfoLogger [main] Started SpringBootLoggingApplication in 1.373 seconds (JVM running for 1.891)
2021-07-23 14:31:12,096 INFO o.s.w.s.FrameworkServlet [http-nio-8080-exec-1] Initializing Servlet 'dispatcherServlet'
2021-07-23 14:31:12,097 DEBUG o.s.w.s.DispatcherServlet [http-nio-8080-exec-1] Detected StandardServletMultipartResolver
2021-07-23 14:31:12,097 DEBUG o.s.w.s.DispatcherServlet [http-nio-8080-exec-1] Detected AcceptHeaderLocaleResolver
2021-07-23 14:31:12,097 DEBUG o.s.w.s.DispatcherServlet [http-nio-8080-exec-1] Detected FixedThemeResolver
2021-07-23 14:31:12,098 DEBUG o.s.w.s.DispatcherServlet [http-nio-8080-exec-1] Detected org.springframework.web.servlet.view.DefaultRequestToViewNameTranslator@3bc6c16
2021-07-23 14:31:12,099 DEBUG o.s.w.s.DispatcherServlet [http-nio-8080-exec-1] Detected org.springframework.web.servlet.support.SessionFlashMapManager@1a75c4f3
2021-07-23 14:31:12,099 DEBUG o.s.w.s.FrameworkServlet [http-nio-8080-exec-1] enableLoggingRequestDetails='false': request parameters and headers will be masked to prevent unsafe logging of potentially sensitive data
2021-07-23 14:31:12,099 INFO o.s.w.s.FrameworkServlet [http-nio-8080-exec-1] Completed initialization in 2 ms
2021-07-23 14:31:12,108 DEBUG o.s.c.l.LogFormatUtils [http-nio-8080-exec-1] GET "/", parameters={}
2021-07-23 14:31:12,111 DEBUG o.s.w.s.h.AbstractHandlerMapping [http-nio-8080-exec-1] Mapped to Lab.baeldung.springbootlogging.LoggingController#index()
2021-07-23 14:31:12,121 TRACE L.b.s.LoggingController [http-nio-8080-exec-1] A TRACE Message
2021-07-23 14:31:12,122 DEBUG L.b.s.LoggingController [http-nio-8080-exec-1] A DEBUG Message
2021-07-23 14:31:12,122 INFO L.b.s.LoggingController [http-nio-8080-exec-1] An INFO Message
2021-07-23 14:31:12,123 WARN L.b.s.LoggingController [http-nio-8080-exec-1] A WARN Message
2021-07-23 14:31:12,124 ERROR L.b.s.LoggingController [http-nio-8080-exec-1] An ERROR Message
2021-07-23 14:31:12,138 DEBUG o.s.w.s.m.m.a.AbstractMessageConverterMethodProcessor [http-nio-8080-exec-1] Using 'text/html', given [text/html, application/xhtml+xml, image/avif, image/webp, image/apng, application/xml;q=0.9, application/signed-exchange;v=b3;q=0.9, */*;q=0.8] and supported [text/plain, */*, text/plain, */*, application/json, application/*+json, application/json, application/*+json]
2021-07-23 14:31:12,139 DEBUG o.s.c.l.LogFormatUtils [http-nio-8080-exec-1] Writing ["Howdy! Check out the Logs to see the output..."]
2021-07-23 14:31:12,146 DEBUG o.s.w.s.FrameworkServlet [http-nio-8080-exec-1] Completed 200 OK
2021-07-23 14:31:13,248 DEBUG o.s.c.l.LogFormatUtils [http-nio-8080-exec-2] GET "/", parameters={}
2021-07-23 14:31:13,254 DEBUG o.s.w.s.h.AbstractHandlerMapping [http-nio-8080-exec-2] Mapped to Lab.baeldung.springbootlogging.LoggingController#index()
2021-07-23 14:31:13,259 TRACE L.b.s.LoggingController [http-nio-8080-exec-2] A TRACE Message
2021-07-23 14:31:13,261 DEBUG L.b.s.LoggingController [http-nio-8080-exec-2] A DEBUG Message
2021-07-23 14:31:13,261 INFO L.b.s.LoggingController [http-nio-8080-exec-2] An INFO Message
2021-07-23 14:31:13,262 WARN L.b.s.LoggingController [http-nio-8080-exec-2] A WARN Message
2021-07-23 14:31:13,262 ERROR L.b.s.LoggingController [http-nio-8080-exec-2] An ERROR Message
2021-07-23 14:31:13,264 DEBUG o.s.w.s.m.m.a.AbstractMessageConverterMethodProcessor [http-nio-8080-exec-2] Using 'text/html', given [text/html, application/xhtml+xml, image/avif, image/webp, image/apng, application/xml;q=0.9, application/signed-exchange;v=b3;q=0.9, */*;q=0.8] and supported [text/plain, */*, text/plain, */*, application/json, application/*+json, application/json, application/*+json]
2021-07-23 14:31:13,264 DEBUG o.s.c.l.LogFormatUtils [http-nio-8080-exec-2] Writing ["Howdy! Check out the Logs to see the output..."]
2021-07-23 14:31:13,268 DEBUG o.s.w.s.FrameworkServlet [http-nio-8080-exec-2] Completed 200 OK
2021-07-23 14:31:13,831 DEBUG o.s.c.l.LogFormatUtils [http-nio-8080-exec-3] GET "/", parameters={}
2021-07-23 14:31:13,834 DEBUG o.s.w.s.h.AbstractHandlerMapping [http-nio-8080-exec-3] Mapped to Lab.baeldung.springbootlogging.LoggingController#index()
2021-07-23 14:31:13,837 TRACE L.b.s.LoggingController [http-nio-8080-exec-3] A TRACE Message
2021-07-23 14:31:13,839 DEBUG L.b.s.LoggingController [http-nio-8080-exec-3] A DEBUG Message
2021-07-23 14:31:13,840 INFO L.b.s.LoggingController [http-nio-8080-exec-3] An INFO Message
2021-07-23 14:31:13,843 WARN L.b.s.LoggingController [http-nio-8080-exec-3] A WARN Message
2021-07-23 14:31:13,844 ERROR L.b.s.LoggingController [http-nio-8080-exec-3] An ERROR Message
2021-07-23 14:31:13,847 DEBUG o.s.w.s.m.m.a.AbstractMessageConverterMethodProcessor [http-nio-8080-exec-3] Using 'text/html', given [text/html, application/xhtml+xml, image/avif, image/webp, image/apng, application/xml;q=0.9, application/signed-exchange;v=b3;q=0.9, */*;q=0.8] and supported [text/plain, */*, text/plain, */*, application/json, application/*+json, application/json, application/*+json]
2021-07-23 14:31:13,847 DEBUG o.s.c.l.LogFormatUtils [http-nio-8080-exec-3] Writing ["Howdy! Check out the Logs to see the output..."]
2021-07-23 14:31:13,849 DEBUG o.s.w.s.FrameworkServlet [http-nio-8080-exec-3] Completed 200 OK
2021-07-23 14:31:14,650 DEBUG o.s.c.l.LogFormatUtils [http-nio-8080-exec-4] GET "/", parameters={}
2021-07-23 14:31:14,654 DEBUG o.s.w.s.h.AbstractHandlerMapping [http-nio-8080-exec-4] Mapped to Lab.baeldung.springbootlogging.LoggingController#index()
2021-07-23 14:31:14,656 TRACE L.b.s.LoggingController [http-nio-8080-exec-4] A TRACE Message
2021-07-23 14:31:14,658 DEBUG L.b.s.LoggingController [http-nio-8080-exec-4] A DEBUG Message
2021-07-23 14:31:14,659 INFO L.b.s.LoggingController [http-nio-8080-exec-4] An INFO Message
2021-07-23 14:31:14,659 WARN L.b.s.LoggingController [http-nio-8080-exec-4] A WARN Message
2021-07-23 14:31:14,660 ERROR L.b.s.LoggingController [http-nio-8080-exec-4] An ERROR Message
2021-07-23 14:31:14,663 DEBUG o.s.w.s.m.m.a.AbstractMessageConverterMethodProcessor [http-nio-8080-exec-4] Using 'text/html', given [text/html, application/xhtml+xml, image/avif, image/webp, image/apng, application/xml;q=0.9, application/signed-exchange;v=b3;q=0.9, */*;q=0.8] and supported [text/plain, */*, text/plain, */*, application/json, application/*+json, application/json, application/*+json]
2021-07-23 14:31:14,664 DEBUG o.s.c.l.LogFormatUtils [http-nio-8080-exec-4] Writing ["Howdy! Check out the Logs to see the output..."]
2021-07-23 14:31:14,666 DEBUG o.s.w.s.FrameworkServlet [http-nio-8080-exec-4] Completed 200 OK
2021-07-23 14:31:15,585 DEBUG o.s.c.l.LogFormatUtils [http-nio-8080-exec-5] GET "/", parameters={}
2021-07-23 14:31:15,586 DEBUG o.s.w.s.h.AbstractHandlerMapping [http-nio-8080-exec-5] Mapped to Lab.baeldung.springbootlogging.LoggingController#index()
2021-07-23 14:31:15,588 TRACE L.b.s.LoggingController [http-nio-8080-exec-5] A TRACE Message
2021-07-23 14:31:15,589 DEBUG L.b.s.LoggingController [http-nio-8080-exec-5] A DEBUG Message
2021-07-23 14:31:15,589 INFO L.b.s.LoggingController [http-nio-8080-exec-5] An INFO Message
2021-07-23 14:31:15,590 WARN L.b.s.LoggingController [http-nio-8080-exec-5] A WARN Message
2021-07-23 14:31:15,592 ERROR L.b.s.LoggingController [http-nio-8080-exec-5] An ERROR Message
2021-07-23 14:31:15,594 DEBUG o.s.w.s.m.m.a.AbstractMessageConverterMethodProcessor [http-nio-8080-exec-5] Using 'text/html', given [text/html, application/xhtml+xml, image/avif, image/webp, image/apng, application/xml;q=0.9, application/signed-exchange;v=b3;q=0.9, */*;q=0.8] and supported [text/plain, */*, text/plain, */*, application/json, application/*+json, application/json, application/*+json]
2021-07-23 14:31:15,594 DEBUG o.s.c.l.LogFormatUtils [http-nio-8080-exec-5] Writing ["Howdy! Check out the Logs to see the output..."]
2021-07-23 14:31:15,595 DEBUG o.s.w.s.FrameworkServlet [http-nio-8080-exec-5] Completed 200 OK
2021-07-23 14:31:16,567 DEBUG o.s.c.l.LogFormatUtils [http-nio-8080-exec-6] GET "/", parameters={}
2021-07-23 14:31:16,569 DEBUG o.s.w.s.h.AbstractHandlerMapping [http-nio-8080-exec-6] Mapped to Lab.baeldung.springbootlogging.LoggingController#index()
2021-07-23 14:31:16,570 TRACE L.b.s.LoggingController [http-nio-8080-exec-6] A TRACE Message
2021-07-23 14:31:16,571 DEBUG L.b.s.LoggingController [http-nio-8080-exec-6] A DEBUG Message
2021-07-23 14:31:16,571 INFO L.b.s.LoggingController [http-nio-8080-exec-6] An INFO Message
2021-07-23 14:31:16,572 WARN L.b.s.LoggingController [http-nio-8080-exec-6] A WARN Message
2021-07-23 14:31:16,573 ERROR L.b.s.LoggingController [http-nio-8080-exec-6] An ERROR Message
2021-07-23 14:31:16,574 DEBUG o.s.w.s.m.m.a.AbstractMessageConverterMethodProcessor [http-nio-8080-exec-6] Using 'text/html', given [text/html, application/xhtml+xml, image/avif, image/webp, image/apng, application/xml;q=0.9, application/signed-exchange;v=b3;q=0.9, */*;q=0.8] and supported [text/plain, */*, text/plain, */*, application/json, application/*+json, application/json, application/*+json]
2021-07-23 14:31:16,575 DEBUG o.s.c.l.LogFormatUtils [http-nio-8080-exec-6] Writing ["Howdy! Check out the Logs to see the output..."]
2021-07-23 14:31:16,579 DEBUG o.s.w.s.FrameworkServlet [http-nio-8080-exec-6] Completed 200 OK
